# JRE version: OpenJDK Runtime Environment (16.0.1+9) (build 16.0.1+9-24)
# Java VM: OpenJDK 64-Bit Server VM (16.0.1+9-24, mixed mode, tiered, compressed oops, compressed class ptrs, g1 gc, windows-amd64)
GC Precious Log:
 CPUs: 4 total, 4 available
 Memory: 7989M
 Large Page Support: Disabled
 NUMA Support: Disabled
 Compressed Oops: Enabled (32-bit)
 Heap Region Size: 1M
 Heap Min Capacity: 8M
 Heap Initial Capacity: 126M
 Heap Max Capacity: 1998M
 Pre-touch: Disabled
 Parallel Workers: 4
 Concurrent Workers: 1
 Concurrent Refinement Workers: 4
 Periodic GC: Disabled
Heap:
 garbage-first heap   total 78848K, used 63635K [0x0000000083200000, 0x0000000100000000)
  region size 1024K, 38 young (38912K), 2 survivors (2048K)
 Metaspace       used 68466K, committed 68928K, reserved 1114112K
  class space    used 8933K, committed 9152K, reserved 1048576K
GC Heap History (20 events):
Event: 72.700 GC heap after
{Heap after GC invocations=23 (full 0):
 garbage-first heap   total 37888K, used 15937K [0x0000000083200000, 0x0000000100000000)
  region size 1024K, 1 young (1024K), 1 survivors (1024K)
 Metaspace       used 36247K, committed 36608K, reserved 1081344K
  class space    used 4396K, committed 4608K, reserved 1048576K
}
Event: 72.976 GC heap before
{Heap before GC invocations=23 (full 0):
 garbage-first heap   total 37888K, used 29249K [0x0000000083200000, 0x0000000100000000)
  region size 1024K, 15 young (15360K), 1 survivors (1024K)
 Metaspace       used 36710K, committed 37056K, reserved 1089536K
  class space    used 4455K, committed 4608K, reserved 1048576K
}
Event: 72.979 GC heap after
{Heap after GC invocations=24 (full 0):
 garbage-first heap   total 95232K, used 15838K [0x0000000083200000, 0x0000000100000000)
  region size 1024K, 1 young (1024K), 1 survivors (1024K)
 Metaspace       used 36710K, committed 37056K, reserved 1089536K
  class space    used 4455K, committed 4608K, reserved 1048576K
}
Event: 74.545 GC heap before
{Heap before GC invocations=24 (full 0):
 garbage-first heap   total 95232K, used 70110K [0x0000000083200000, 0x0000000100000000)
  region size 1024K, 55 young (56320K), 1 survivors (1024K)
 Metaspace       used 41752K, committed 42112K, reserved 1089536K
  class space    used 5175K, committed 5312K, reserved 1048576K
}
Event: 74.550 GC heap after
{Heap after GC invocations=25 (full 0):
 garbage-first heap   total 95232K, used 17165K [0x0000000083200000, 0x0000000100000000)
  region size 1024K, 2 young (2048K), 2 survivors (2048K)
 Metaspace       used 41752K, committed 42112K, reserved 1089536K
  class space    used 5175K, committed 5312K, reserved 1048576K
}
Event: 76.496 GC heap before
{Heap before GC invocations=25 (full 0):
 garbage-first heap   total 95232K, used 71437K [0x0000000083200000, 0x0000000100000000)
  region size 1024K, 55 young (56320K), 2 survivors (2048K)
 Metaspace       used 48311K, committed 48704K, reserved 1097728K
  class space    used 6012K, committed 6208K, reserved 1048576K
}
Event: 76.503 GC heap after
{Heap after GC invocations=26 (full 0):
 garbage-first heap   total 95232K, used 18836K [0x0000000083200000, 0x0000000100000000)
  region size 1024K, 4 young (4096K), 4 survivors (4096K)
 Metaspace       used 48311K, committed 48704K, reserved 1097728K
  class space    used 6012K, committed 6208K, reserved 1048576K
}
Event: 78.099 GC heap before
{Heap before GC invocations=26 (full 0):
 garbage-first heap   total 95232K, used 70036K [0x0000000083200000, 0x0000000100000000)
  region size 1024K, 55 young (56320K), 4 survivors (4096K)
 Metaspace       used 53761K, committed 54144K, reserved 1097728K
  class space    used 6779K, committed 6976K, reserved 1048576K
}
Event: 78.107 GC heap after
{Heap after GC invocations=27 (full 0):
 garbage-first heap   total 95232K, used 20495K [0x0000000083200000, 0x0000000100000000)
  region size 1024K, 6 young (6144K), 6 survivors (6144K)
 Metaspace       used 53761K, committed 54144K, reserved 1097728K
  class space    used 6779K, committed 6976K, reserved 1048576K
}
Event: 79.090 GC heap before
{Heap before GC invocations=27 (full 0):
 garbage-first heap   total 95232K, used 70671K [0x0000000083200000, 0x0000000100000000)
  region size 1024K, 55 young (56320K), 6 survivors (6144K)
 Metaspace       used 58467K, committed 58880K, reserved 1105920K
  class space    used 7549K, committed 7744K, reserved 1048576K
}
Event: 79.099 GC heap after
{Heap after GC invocations=28 (full 0):
 garbage-first heap   total 95232K, used 21057K [0x0000000083200000, 0x0000000100000000)
  region size 1024K, 4 young (4096K), 4 survivors (4096K)
 Metaspace       used 58467K, committed 58880K, reserved 1105920K
  class space    used 7549K, committed 7744K, reserved 1048576K
}
Event: 80.527 GC heap before
{Heap before GC invocations=28 (full 0):
 garbage-first heap   total 95232K, used 24129K [0x0000000083200000, 0x0000000100000000)
  region size 1024K, 8 young (8192K), 4 survivors (4096K)
 Metaspace       used 58956K, committed 59328K, reserved 1105920K
  class space    used 7652K, committed 7808K, reserved 1048576K
}
Event: 80.534 GC heap after
{Heap after GC invocations=29 (full 0):
 garbage-first heap   total 95232K, used 21713K [0x0000000083200000, 0x0000000100000000)
  region size 1024K, 3 young (3072K), 3 survivors (3072K)
 Metaspace       used 58956K, committed 59328K, reserved 1105920K
  class space    used 7652K, committed 7808K, reserved 1048576K
}
Event: 83.750 GC heap before
{Heap before GC invocations=30 (full 0):
 garbage-first heap   total 78848K, used 65745K [0x0000000083200000, 0x0000000100000000)
  region size 1024K, 46 young (47104K), 3 survivors (3072K)
 Metaspace       used 61906K, committed 62208K, reserved 1105920K
  class space    used 8111K, committed 8256K, reserved 1048576K
}
Event: 83.759 GC heap after
{Heap after GC invocations=31 (full 0):
 garbage-first heap   total 78848K, used 23788K [0x0000000083200000, 0x0000000100000000)
  region size 1024K, 5 young (5120K), 5 survivors (5120K)
 Metaspace       used 61906K, committed 62208K, reserved 1105920K
  class space    used 8111K, committed 8256K, reserved 1048576K
}
Event: 103.306 GC heap before
{Heap before GC invocations=31 (full 0):
 garbage-first heap   total 78848K, used 63724K [0x0000000083200000, 0x0000000100000000)
  region size 1024K, 45 young (46080K), 5 survivors (5120K)
 Metaspace       used 65061K, committed 65472K, reserved 1114112K
  class space    used 8533K, committed 8704K, reserved 1048576K
}
Event: 103.317 GC heap after
{Heap after GC invocations=32 (full 0):
 garbage-first heap   total 78848K, used 25626K [0x0000000083200000, 0x0000000100000000)
  region size 1024K, 5 young (5120K), 5 survivors (5120K)
 Metaspace       used 65061K, committed 65472K, reserved 1114112K
  class space    used 8533K, committed 8704K, reserved 1048576K
}
Event: 3128.383 GC heap before
{Heap before GC invocations=32 (full 0):
 garbage-first heap   total 78848K, used 62490K [0x0000000083200000, 0x0000000100000000)
  region size 1024K, 42 young (43008K), 5 survivors (5120K)
 Metaspace       used 68410K, committed 68864K, reserved 1114112K
  class space    used 8924K, committed 9088K, reserved 1048576K
}
Event: 3128.427 GC heap after
{Heap after GC invocations=33 (full 0):
 garbage-first heap   total 78848K, used 26771K [0x0000000083200000, 0x0000000100000000)
  region size 1024K, 4 young (4096K), 4 survivors (4096K)
 Metaspace       used 68410K, committed 68864K, reserved 1114112K
  class space    used 8924K, committed 9088K, reserved 1048576K
}
Event: 15264.149 GC heap before
{Heap before GC invocations=33 (full 0):
 garbage-first heap   total 78848K, used 62611K [0x0000000083200000, 0x0000000100000000)
  region size 1024K, 40 young (40960K), 4 survivors (4096K)
 Metaspace       used 68466K, committed 68928K, reserved 1114112K
  class space    used 8933K, committed 9152K, reserved 1048576K
}

